[Wed Apr 24 15:31:59.704653 2024] [mpm_winnt:notice] [pid 3268:tid 636] AH00455: Apache/2.4.25 (Win32) PHP/7.1.1 configured -- resuming normal operations
[Wed Apr 24 15:31:59.704653 2024] [mpm_winnt:notice] [pid 3268:tid 636] AH00456: Apache Lounge VC14 Server built: Dec 17 2016 10:42:52
[Wed Apr 24 15:31:59.704653 2024] [core:notice] [pid 3268:tid 636] AH00094: Command line: 'C:\\Users\\skyee\\OneDrive\\Desktop\\work\\Tavernlight_App\\UniServerZ\\core\\apache2\\bin\\httpd_z.exe -d C:/Users/skyee/OneDrive/Desktop/work/Tavernlight_App/UniServerZ/core/apache2 -f C:\\Users\\skyee\\OneDrive\\Desktop\\work\\Tavernlight_App\\UniServerZ\\core\\apache2\\conf\\httpd.conf -d C:\\Users\\skyee\\OneDrive\\Desktop\\work\\Tavernlight_App\\UniServerZ\\core\\apache2'
[Wed Apr 24 15:31:59.708641 2024] [mpm_winnt:notice] [pid 3268:tid 636] AH00418: Parent: Created child process 20220
[Wed Apr 24 15:32:00.101801 2024] [mpm_winnt:notice] [pid 20220:tid 680] AH00354: Child: Starting 150 worker threads.
[Wed Apr 24 15:45:23.486673 2024] [core:warn] [pid 7056:tid 632] AH00098: pid file C:/Users/skyee/OneDrive/Desktop/work/Tavernlight_App/UniServerZ/core/apache2/logs/httpd.pid overwritten -- Unclean shutdown of previous Apache run?
[Wed Apr 24 15:45:23.495645 2024] [mpm_winnt:notice] [pid 7056:tid 632] AH00455: Apache/2.4.25 (Win32) PHP/7.1.1 configured -- resuming normal operations
[Wed Apr 24 15:45:23.495645 2024] [mpm_winnt:notice] [pid 7056:tid 632] AH00456: Apache Lounge VC14 Server built: Dec 17 2016 10:42:52
[Wed Apr 24 15:45:23.495645 2024] [core:notice] [pid 7056:tid 632] AH00094: Command line: 'C:\\Users\\skyee\\OneDrive\\Desktop\\work\\Tavernlight_App\\UniServerZ\\core\\apache2\\bin\\httpd_z.exe -d C:/Users/skyee/OneDrive/Desktop/work/Tavernlight_App/UniServerZ/core/apache2 -f C:\\Users\\skyee\\OneDrive\\Desktop\\work\\Tavernlight_App\\UniServerZ\\core\\apache2\\conf\\httpd.conf -d C:\\Users\\skyee\\OneDrive\\Desktop\\work\\Tavernlight_App\\UniServerZ\\core\\apache2'
[Wed Apr 24 15:45:23.498635 2024] [mpm_winnt:notice] [pid 7056:tid 632] AH00418: Parent: Created child process 15496
[Wed Apr 24 15:45:23.886338 2024] [mpm_winnt:notice] [pid 15496:tid 680] AH00354: Child: Starting 150 worker threads.
[Wed Apr 24 15:50:07.369033 2024] [core:warn] [pid 15440:tid 564] AH00098: pid file C:/Users/skyee/OneDrive/Desktop/work/Tavernlight_App/UniServerZ/core/apache2/logs/httpd.pid overwritten -- Unclean shutdown of previous Apache run?
[Wed Apr 24 15:50:07.377007 2024] [mpm_winnt:notice] [pid 15440:tid 564] AH00455: Apache/2.4.25 (Win32) PHP/7.1.1 configured -- resuming normal operations
[Wed Apr 24 15:50:07.377007 2024] [mpm_winnt:notice] [pid 15440:tid 564] AH00456: Apache Lounge VC14 Server built: Dec 17 2016 10:42:52
[Wed Apr 24 15:50:07.377007 2024] [core:notice] [pid 15440:tid 564] AH00094: Command line: 'C:\\Users\\skyee\\OneDrive\\Desktop\\work\\Tavernlight_App\\UniServerZ\\core\\apache2\\bin\\httpd_z.exe -d C:/Users/skyee/OneDrive/Desktop/work/Tavernlight_App/UniServerZ/core/apache2 -f C:\\Users\\skyee\\OneDrive\\Desktop\\work\\Tavernlight_App\\UniServerZ\\core\\apache2\\conf\\httpd.conf -d C:\\Users\\skyee\\OneDrive\\Desktop\\work\\Tavernlight_App\\UniServerZ\\core\\apache2'
[Wed Apr 24 15:50:07.379001 2024] [mpm_winnt:notice] [pid 15440:tid 564] AH00418: Parent: Created child process 14536
[Wed Apr 24 15:50:07.856126 2024] [mpm_winnt:notice] [pid 14536:tid 640] AH00354: Child: Starting 150 worker threads.
[Wed Apr 24 15:53:41.316621 2024] [core:warn] [pid 16196:tid 552] AH00098: pid file C:/Users/skyee/OneDrive/Desktop/work/Tavernlight_App/UniServerZ/core/apache2/logs/httpd.pid overwritten -- Unclean shutdown of previous Apache run?
[Wed Apr 24 15:53:41.324596 2024] [mpm_winnt:notice] [pid 16196:tid 552] AH00455: Apache/2.4.25 (Win32) PHP/7.1.1 configured -- resuming normal operations
[Wed Apr 24 15:53:41.324596 2024] [mpm_winnt:notice] [pid 16196:tid 552] AH00456: Apache Lounge VC14 Server built: Dec 17 2016 10:42:52
[Wed Apr 24 15:53:41.324596 2024] [core:notice] [pid 16196:tid 552] AH00094: Command line: 'C:\\Users\\skyee\\OneDrive\\Desktop\\work\\Tavernlight_App\\UniServerZ\\core\\apache2\\bin\\httpd_z.exe -d C:/Users/skyee/OneDrive/Desktop/work/Tavernlight_App/UniServerZ/core/apache2 -f C:\\Users\\skyee\\OneDrive\\Desktop\\work\\Tavernlight_App\\UniServerZ\\core\\apache2\\conf\\httpd.conf -d C:\\Users\\skyee\\OneDrive\\Desktop\\work\\Tavernlight_App\\UniServerZ\\core\\apache2'
[Wed Apr 24 15:53:41.326590 2024] [mpm_winnt:notice] [pid 16196:tid 552] AH00418: Parent: Created child process 8044
[Wed Apr 24 15:53:41.679264 2024] [mpm_winnt:notice] [pid 8044:tid 632] AH00354: Child: Starting 150 worker threads.
[Wed Apr 24 16:01:54.998433 2024] [core:warn] [pid 20848:tid 520] AH00098: pid file C:/Users/skyee/OneDrive/Desktop/work/Tavernlight_App/UniServerZ/core/apache2/logs/httpd.pid overwritten -- Unclean shutdown of previous Apache run?
[Wed Apr 24 16:01:55.007403 2024] [mpm_winnt:notice] [pid 20848:tid 520] AH00455: Apache/2.4.25 (Win32) PHP/7.1.1 configured -- resuming normal operations
[Wed Apr 24 16:01:55.007403 2024] [mpm_winnt:notice] [pid 20848:tid 520] AH00456: Apache Lounge VC14 Server built: Dec 17 2016 10:42:52
[Wed Apr 24 16:01:55.007403 2024] [core:notice] [pid 20848:tid 520] AH00094: Command line: 'C:\\Users\\skyee\\OneDrive\\Desktop\\work\\Tavernlight_App\\UniServerZ\\core\\apache2\\bin\\httpd_z.exe -d C:/Users/skyee/OneDrive/Desktop/work/Tavernlight_App/UniServerZ/core/apache2 -f C:\\Users\\skyee\\OneDrive\\Desktop\\work\\Tavernlight_App\\UniServerZ\\core\\apache2\\conf\\httpd.conf -d C:\\Users\\skyee\\OneDrive\\Desktop\\work\\Tavernlight_App\\UniServerZ\\core\\apache2'
[Wed Apr 24 16:01:55.009397 2024] [mpm_winnt:notice] [pid 20848:tid 520] AH00418: Parent: Created child process 9620
[Wed Apr 24 16:01:55.362115 2024] [mpm_winnt:notice] [pid 9620:tid 556] AH00354: Child: Starting 150 worker threads.
[Wed Apr 24 16:09:51.384883 2024] [core:warn] [pid 21004:tid 552] AH00098: pid file C:/Users/skyee/OneDrive/Desktop/work/Tavernlight_App/UniServerZ/core/apache2/logs/httpd.pid overwritten -- Unclean shutdown of previous Apache run?
[Wed Apr 24 16:09:51.392860 2024] [mpm_winnt:notice] [pid 21004:tid 552] AH00455: Apache/2.4.25 (Win32) PHP/7.1.1 configured -- resuming normal operations
[Wed Apr 24 16:09:51.392860 2024] [mpm_winnt:notice] [pid 21004:tid 552] AH00456: Apache Lounge VC14 Server built: Dec 17 2016 10:42:52
[Wed Apr 24 16:09:51.392860 2024] [core:notice] [pid 21004:tid 552] AH00094: Command line: 'C:\\Users\\skyee\\OneDrive\\Desktop\\work\\Tavernlight_App\\UniServerZ\\core\\apache2\\bin\\httpd_z.exe -d C:/Users/skyee/OneDrive/Desktop/work/Tavernlight_App/UniServerZ/core/apache2 -f C:\\Users\\skyee\\OneDrive\\Desktop\\work\\Tavernlight_App\\UniServerZ\\core\\apache2\\conf\\httpd.conf -d C:\\Users\\skyee\\OneDrive\\Desktop\\work\\Tavernlight_App\\UniServerZ\\core\\apache2'
[Wed Apr 24 16:09:51.394855 2024] [mpm_winnt:notice] [pid 21004:tid 552] AH00418: Parent: Created child process 19336
[Wed Apr 24 16:09:51.762909 2024] [mpm_winnt:notice] [pid 19336:tid 540] AH00354: Child: Starting 150 worker threads.
[Wed Apr 24 16:09:54.317507 2024] [php7:warn] [pid 19336:tid 1848] [client 127.0.0.1:53957] PHP Warning:  mysqli::__construct(): (HY000/1045): Access denied for user 'tfs13'@'localhost' (using password: YES) in C:\\Users\\skyee\\OneDrive\\Desktop\\work\\Tavernlight_App\\UniServerZ\\www\\engine\\database\\connect.php on line 35
[Wed Apr 24 16:15:59.974472 2024] [core:warn] [pid 20936:tid 596] AH00098: pid file C:/Users/skyee/OneDrive/Desktop/work/Tavernlight_App/UniServerZ/core/apache2/logs/httpd.pid overwritten -- Unclean shutdown of previous Apache run?
[Wed Apr 24 16:15:59.982451 2024] [mpm_winnt:notice] [pid 20936:tid 596] AH00455: Apache/2.4.25 (Win32) PHP/7.1.1 configured -- resuming normal operations
[Wed Apr 24 16:15:59.982451 2024] [mpm_winnt:notice] [pid 20936:tid 596] AH00456: Apache Lounge VC14 Server built: Dec 17 2016 10:42:52
[Wed Apr 24 16:15:59.982451 2024] [core:notice] [pid 20936:tid 596] AH00094: Command line: 'C:\\Users\\skyee\\OneDrive\\Desktop\\work\\Tavernlight_App\\UniServerZ\\core\\apache2\\bin\\httpd_z.exe -d C:/Users/skyee/OneDrive/Desktop/work/Tavernlight_App/UniServerZ/core/apache2 -f C:\\Users\\skyee\\OneDrive\\Desktop\\work\\Tavernlight_App\\UniServerZ\\core\\apache2\\conf\\httpd.conf -d C:\\Users\\skyee\\OneDrive\\Desktop\\work\\Tavernlight_App\\UniServerZ\\core\\apache2'
[Wed Apr 24 16:15:59.984444 2024] [mpm_winnt:notice] [pid 20936:tid 596] AH00418: Parent: Created child process 21428
[Wed Apr 24 16:16:00.361062 2024] [mpm_winnt:notice] [pid 21428:tid 564] AH00354: Child: Starting 150 worker threads.
[Wed Apr 24 16:16:02.890163 2024] [php7:warn] [pid 21428:tid 1848] [client 127.0.0.1:54066] PHP Warning:  mysqli::__construct(): (HY000/2002): No connection could be made because the target machine actively refused it.\r\n in C:\\Users\\skyee\\OneDrive\\Desktop\\work\\Tavernlight_App\\UniServerZ\\www\\engine\\database\\connect.php on line 35
[Wed Apr 24 16:16:18.697640 2024] [php7:warn] [pid 21428:tid 1848] [client 127.0.0.1:54078] PHP Warning:  mysqli::__construct(): (HY000/2002): No connection could be made because the target machine actively refused it.\r\n in C:\\Users\\skyee\\OneDrive\\Desktop\\work\\Tavernlight_App\\UniServerZ\\www\\engine\\database\\connect.php on line 35
[Wed Apr 24 16:16:20.955948 2024] [php7:warn] [pid 21428:tid 1848] [client 127.0.0.1:54078] PHP Warning:  mysqli::__construct(): (HY000/2002): No connection could be made because the target machine actively refused it.\r\n in C:\\Users\\skyee\\OneDrive\\Desktop\\work\\Tavernlight_App\\UniServerZ\\www\\engine\\database\\connect.php on line 35, referer: http://127.0.0.1/
[Wed Apr 24 16:19:00.615062 2024] [core:warn] [pid 14516:tid 540] AH00098: pid file C:/Users/skyee/OneDrive/Desktop/work/Tavernlight_App/UniServerZ/core/apache2/logs/httpd.pid overwritten -- Unclean shutdown of previous Apache run?
[Wed Apr 24 16:19:00.624029 2024] [mpm_winnt:notice] [pid 14516:tid 540] AH00455: Apache/2.4.25 (Win32) PHP/7.1.1 configured -- resuming normal operations
[Wed Apr 24 16:19:00.624029 2024] [mpm_winnt:notice] [pid 14516:tid 540] AH00456: Apache Lounge VC14 Server built: Dec 17 2016 10:42:52
[Wed Apr 24 16:19:00.624029 2024] [core:notice] [pid 14516:tid 540] AH00094: Command line: 'C:\\Users\\skyee\\OneDrive\\Desktop\\work\\Tavernlight_App\\UniServerZ\\core\\apache2\\bin\\httpd_z.exe -d C:/Users/skyee/OneDrive/Desktop/work/Tavernlight_App/UniServerZ/core/apache2 -f C:\\Users\\skyee\\OneDrive\\Desktop\\work\\Tavernlight_App\\UniServerZ\\core\\apache2\\conf\\httpd.conf -d C:\\Users\\skyee\\OneDrive\\Desktop\\work\\Tavernlight_App\\UniServerZ\\core\\apache2'
[Wed Apr 24 16:19:00.626022 2024] [mpm_winnt:notice] [pid 14516:tid 540] AH00418: Parent: Created child process 16060
[Wed Apr 24 16:19:01.103453 2024] [mpm_winnt:notice] [pid 16060:tid 628] AH00354: Child: Starting 150 worker threads.
[Wed Apr 24 16:19:03.602917 2024] [php7:warn] [pid 16060:tid 1848] [client 127.0.0.1:54115] PHP Warning:  mysqli::__construct(): (HY000/2002): No connection could be made because the target machine actively refused it.\r\n in C:\\Users\\skyee\\OneDrive\\Desktop\\work\\Tavernlight_App\\UniServerZ\\www\\engine\\database\\connect.php on line 35
[Wed Apr 24 16:21:23.620179 2024] [core:warn] [pid 12152:tid 552] AH00098: pid file C:/Users/skyee/OneDrive/Desktop/work/Tavernlight_App/UniServerZ/core/apache2/logs/httpd.pid overwritten -- Unclean shutdown of previous Apache run?
[Wed Apr 24 16:21:23.628153 2024] [mpm_winnt:notice] [pid 12152:tid 552] AH00455: Apache/2.4.25 (Win32) PHP/7.1.1 configured -- resuming normal operations
[Wed Apr 24 16:21:23.628153 2024] [mpm_winnt:notice] [pid 12152:tid 552] AH00456: Apache Lounge VC14 Server built: Dec 17 2016 10:42:52
[Wed Apr 24 16:21:23.628153 2024] [core:notice] [pid 12152:tid 552] AH00094: Command line: 'C:\\Users\\skyee\\OneDrive\\Desktop\\work\\Tavernlight_App\\UniServerZ\\core\\apache2\\bin\\httpd_z.exe -d C:/Users/skyee/OneDrive/Desktop/work/Tavernlight_App/UniServerZ/core/apache2 -f C:\\Users\\skyee\\OneDrive\\Desktop\\work\\Tavernlight_App\\UniServerZ\\core\\apache2\\conf\\httpd.conf -d C:\\Users\\skyee\\OneDrive\\Desktop\\work\\Tavernlight_App\\UniServerZ\\core\\apache2'
[Wed Apr 24 16:21:23.630146 2024] [mpm_winnt:notice] [pid 12152:tid 552] AH00418: Parent: Created child process 18336
[Wed Apr 24 16:21:24.001051 2024] [mpm_winnt:notice] [pid 18336:tid 544] AH00354: Child: Starting 150 worker threads.
